budget/android/app/build/intermediates/manifest_merge_blame_file/debug/processDebugMainManifest/manifest-merger-blame-debug-report.txt
1<?xml version="1.0" encoding="utf-8"?>
2<manifest xmlns:android="http://schemas.android.com/apk/res/android"
3    package="com.budget.tracker_app"
4    android:versionCode="416"
5    android:versionName="5.4.3" >
6
7    <uses-sdk
8        android:minSdkVersion="23"
9        android:targetSdkVersion="35" />
10    <!-- package="com.budget.tracker_app" -->
11    <!--
12         Flutter needs it to communicate with the running application
13         to allow setting breakpoints, to provide hot reload, etc.
14    -->
15    <uses-permission android:name="android.permission.INTERNET" />
15-->src\main\AndroidManifest.xml:3:3-64
15-->src\main\AndroidManifest.xml:3:20-62
16    <uses-permission android:name="android.permission.USE_BIOMETRIC" />
16-->src\main\AndroidManifest.xml:4:3-69
16-->src\main\AndroidManifest.xml:4:20-67
17    <uses-permission android:name="android.permission.POST_NOTIFICATIONS" />
17-->src\main\AndroidManifest.xml:5:3-74
17-->src\main\AndroidManifest.xml:5:20-72
18    <uses-permission android:name="com.android.vending.BILLING" />
18-->src\main\AndroidManifest.xml:6:3-65
18-->src\main\AndroidManifest.xml:6:20-62
19    <uses-permission android:name="android.permission.WRITE_EXTERNAL_STORAGE" />
19-->src\main\AndroidManifest.xml:7:3-78
19-->src\main\AndroidManifest.xml:7:20-76
20    <uses-permission android:name="android.permission.READ_EXTERNAL_STORAGE" />
20-->src\main\AndroidManifest.xml:8:3-77
20-->src\main\AndroidManifest.xml:8:20-75
21
22    <queries>
22-->src\main\AndroidManifest.xml:9:3-30:13
23
24        <!-- If your app opens https URLs -->
25        <intent>
25-->src\main\AndroidManifest.xml:11:5-14:14
26            <action android:name="android.intent.action.VIEW" />
26-->src\main\AndroidManifest.xml:12:7-59
26-->src\main\AndroidManifest.xml:12:15-56
27
28            <data android:scheme="https" />
28-->src\main\AndroidManifest.xml:13:7-38
28-->src\main\AndroidManifest.xml:13:13-35
29        </intent>
30        <!-- If your app makes calls -->
31        <intent>
31-->src\main\AndroidManifest.xml:16:5-19:14
32            <action android:name="android.intent.action.DIAL" />
32-->src\main\AndroidManifest.xml:17:7-59
32-->src\main\AndroidManifest.xml:17:15-56
33
34            <data android:scheme="tel" />
34-->src\main\AndroidManifest.xml:13:7-38
34-->src\main\AndroidManifest.xml:13:13-35
35        </intent>
36        <!-- If your sends SMS messages -->
37        <intent>
37-->src\main\AndroidManifest.xml:21:5-24:14
38            <action android:name="android.intent.action.SENDTO" />
38-->src\main\AndroidManifest.xml:22:7-61
38-->src\main\AndroidManifest.xml:22:15-58
39
40            <data android:scheme="smsto" />
40-->src\main\AndroidManifest.xml:13:7-38
40-->src\main\AndroidManifest.xml:13:13-35
41        </intent>
42        <!-- If your app sends emails -->
43        <intent>
43-->src\main\AndroidManifest.xml:26:5-29:14
44            <action android:name="android.intent.action.SEND" />
44-->src\main\AndroidManifest.xml:27:7-59
44-->src\main\AndroidManifest.xml:27:15-56
45
46            <data android:mimeType="*/*" />
46-->src\main\AndroidManifest.xml:13:7-38
47        </intent>
48        <intent>
48-->[:file_picker] AndroidManifest.xml:8:9-12:18
49            <action android:name="android.intent.action.GET_CONTENT" />
49-->[:file_picker] AndroidManifest.xml:9:13-72
49-->[:file_picker] AndroidManifest.xml:9:21-69
50
51            <data android:mimeType="*/*" />
51-->src\main\AndroidManifest.xml:13:7-38
52        </intent>
53        <intent>
53-->[com.android.billingclient:billing:7.1.1] AndroidManifest.xml:13:9-15:18
54            <action android:name="com.android.vending.billing.InAppBillingService.BIND" />
54-->[com.android.billingclient:billing:7.1.1] AndroidManifest.xml:14:13-91
54-->[com.android.billingclient:billing:7.1.1] AndroidManifest.xml:14:21-88
55        </intent>
56        <intent>
56-->[com.android.billingclient:billing:7.1.1] AndroidManifest.xml:16:9-18:18
57            <action android:name="com.google.android.apps.play.billingtestcompanion.BillingOverrideService.BIND" />
57-->[com.android.billingclient:billing:7.1.1] AndroidManifest.xml:17:13-116
57-->[com.android.billingclient:billing:7.1.1] AndroidManifest.xml:17:21-113
58        </intent>
59    </queries>
60
61    <uses-permission android:name="android.permission.QUERY_ALL_PACKAGES" />
61-->[:installed_apps] AndroidManifest.xml:7:5-77
61-->[:installed_apps] AndroidManifest.xml:7:22-74
62    <uses-permission android:name="android.permission.REQUEST_DELETE_PACKAGES" />
62-->[:installed_apps] AndroidManifest.xml:8:5-82
62-->[:installed_apps] AndroidManifest.xml:8:22-79
63    <uses-permission android:name="android.permission.ACCESS_NETWORK_STATE" />
63-->[com.google.firebase:firebase-auth:23.2.0] AndroidManifest.xml:26:5-79
63-->[com.google.firebase:firebase-auth:23.2.0] AndroidManifest.xml:26:22-76
64    <uses-permission android:name="android.permission.VIBRATE" />
64-->[:flutter_local_notifications] AndroidManifest.xml:7:5-66
64-->[:flutter_local_notifications] AndroidManifest.xml:7:22-63
65    <uses-permission android:name="android.permission.WAKE_LOCK" />
65-->[:flutter_notification_listener] AndroidManifest.xml:8:5-68
65-->[:flutter_notification_listener] AndroidManifest.xml:8:22-65
66    <uses-permission android:name="android.permission.RECEIVE_BOOT_COMPLETED" />
66-->[:flutter_notification_listener] AndroidManifest.xml:9:5-81
66-->[:flutter_notification_listener] AndroidManifest.xml:9:22-78
67    <uses-permission android:name="android.permission.FOREGROUND_SERVICE" /> <!-- suppress DeprecatedClassUsageInspection -->
67-->[:flutter_notification_listener] AndroidManifest.xml:10:5-77
67-->[:flutter_notification_listener] AndroidManifest.xml:10:22-74
68    <uses-permission android:name="android.permission.USE_FINGERPRINT" />
68-->[androidx.biometric:biometric:1.1.0] AndroidManifest.xml:27:5-74
68-->[androidx.biometric:biometric:1.1.0] AndroidManifest.xml:27:22-71
69    <uses-permission android:name="com.google.android.providers.gsf.permission.READ_GSERVICES" />
69-->[com.google.android.recaptcha:recaptcha:18.7.1] AndroidManifest.xml:9:5-98
69-->[com.google.android.recaptcha:recaptcha:18.7.1] AndroidManifest.xml:9:22-95
70
71    <permission
71-->[androidx.core:core:1.15.0] AndroidManifest.xml:22:5-24:47
72        android:name="com.budget.tracker_app.DYNAMIC_RECEIVER_NOT_EXPORTED_PERMISSION"
72-->[androidx.core:core:1.15.0] AndroidManifest.xml:23:9-81
73        android:protectionLevel="signature" />
73-->[androidx.core:core:1.15.0] AndroidManifest.xml:24:9-44
74
75    <uses-permission android:name="com.budget.tracker_app.DYNAMIC_RECEIVER_NOT_EXPORTED_PERMISSION" />
75-->[androidx.core:core:1.15.0] AndroidManifest.xml:26:5-97
75-->[androidx.core:core:1.15.0] AndroidManifest.xml:26:22-94
76
77    <application
77-->src\main\AndroidManifest.xml:31:5-147:19
78        android:appComponentFactory="androidx.core.app.CoreComponentFactory"
78-->[androidx.core:core:1.15.0] AndroidManifest.xml:28:18-86
79        android:debuggable="true"
80        android:extractNativeLibs="false"
81        android:icon="@mipmap/ic_launcher"
81-->src\main\AndroidManifest.xml:34:9-43
82        android:label="Cashew"
82-->src\main\AndroidManifest.xml:33:9-31
83        android:requestLegacyExternalStorage="true" >
83-->src\main\AndroidManifest.xml:32:9-52
84
85        <!-- Use the new rendering engine Impeller (experimental) -->
86        <!--
87        <meta-data
88        android:name="io.flutter.embedding.android.EnableImpeller"
89        android:value="true" />
90        -->
91        <activity
91-->src\main\AndroidManifest.xml:39:9-77:20
92            android:name="android.MainActivity"
92-->src\main\AndroidManifest.xml:41:13-41
93            android:configChanges="orientation|keyboardHidden|keyboard|screenSize|smallestScreenSize|locale|layoutDirection|fontScale|screenLayout|density|uiMode"
93-->src\main\AndroidManifest.xml:44:13-163
94            android:exported="true"
94-->src\main\AndroidManifest.xml:40:13-36
95            android:hardwareAccelerated="true"
95-->src\main\AndroidManifest.xml:45:13-47
96            android:launchMode="singleInstance"
96-->src\main\AndroidManifest.xml:42:13-48
97            android:theme="@style/LaunchTheme"
97-->src\main\AndroidManifest.xml:43:13-47
98            android:windowSoftInputMode="adjustResize" >
98-->src\main\AndroidManifest.xml:46:13-55
99            <intent-filter android:autoVerify="true" >
99-->src\main\AndroidManifest.xml:48:13-54:29
99-->src\main\AndroidManifest.xml:48:28-53
100                <action android:name="android.intent.action.VIEW" />
100-->src\main\AndroidManifest.xml:12:7-59
100-->src\main\AndroidManifest.xml:12:15-56
101
102                <category android:name="android.intent.category.DEFAULT" />
102-->src\main\AndroidManifest.xml:50:17-76
102-->src\main\AndroidManifest.xml:50:27-73
103                <category android:name="android.intent.category.BROWSABLE" />
103-->src\main\AndroidManifest.xml:51:17-78
103-->src\main\AndroidManifest.xml:51:27-75
104
105                <data
105-->src\main\AndroidManifest.xml:13:7-38
106                    android:host="cashewapp.web.app"
107                    android:pathPrefix="/addTransaction"
108                    android:scheme="https" />
108-->src\main\AndroidManifest.xml:13:13-35
109                <data
109-->src\main\AndroidManifest.xml:13:7-38
110                    android:host="cashewapp.web.app"
111                    android:pathPrefix="/addTransactionRoute"
112                    android:scheme="https" />
112-->src\main\AndroidManifest.xml:13:13-35
113            </intent-filter>
114
115            <!--
116                 Specifies an Android theme to apply to this Activity as soon as
117                 the Android process has started. This theme is visible to the user
118                 while the Flutter UI initializes. After that, this theme continues
119                 to determine the Window background behind the Flutter UI.
120            -->
121            <meta-data
121-->src\main\AndroidManifest.xml:60:13-63:17
122                android:name="io.flutter.embedding.android.NormalTheme"
122-->src\main\AndroidManifest.xml:61:15-70
123                android:resource="@style/NormalTheme" />
123-->src\main\AndroidManifest.xml:62:15-52
124            <!--
125                 Displays an Android View that continues showing the launch screen
126                 Drawable until Flutter paints its first frame, then this splash
127                 screen fades out. A splash screen is useful to avoid any visual
128                 gap between the end of Android's launch screen and the painting of
129                 Flutter's first frame.
130            -->
131            <meta-data
131-->src\main\AndroidManifest.xml:69:13-72:17
132                android:name="io.flutter.embedding.android.SplashScreenDrawable"
132-->src\main\AndroidManifest.xml:70:15-79
133                android:resource="@drawable/launch_background" />
133-->src\main\AndroidManifest.xml:71:15-61
134
135            <intent-filter>
135-->src\main\AndroidManifest.xml:73:13-76:29
136                <action android:name="android.intent.action.MAIN" />
136-->src\main\AndroidManifest.xml:74:17-68
136-->src\main\AndroidManifest.xml:74:25-66
137
138                <category android:name="android.intent.category.LAUNCHER" />
138-->src\main\AndroidManifest.xml:75:17-76
138-->src\main\AndroidManifest.xml:75:27-74
139            </intent-filter>
140        </activity>
141
142        <receiver
142-->src\main\AndroidManifest.xml:78:9-131
143            android:name="com.dexterous.flutterlocalnotifications.ScheduledNotificationReceiver"
143-->src\main\AndroidManifest.xml:78:44-128
144            android:exported="false" />
144-->src\main\AndroidManifest.xml:78:19-43
145        <receiver
145-->src\main\AndroidManifest.xml:79:9-86:20
146            android:name="com.dexterous.flutterlocalnotifications.ScheduledNotificationBootReceiver"
146-->src\main\AndroidManifest.xml:79:44-132
147            android:exported="false" >
147-->src\main\AndroidManifest.xml:79:19-43
148            <intent-filter>
148-->src\main\AndroidManifest.xml:80:13-85:29
149                <action android:name="android.intent.action.BOOT_COMPLETED" />
149-->src\main\AndroidManifest.xml:81:17-78
149-->src\main\AndroidManifest.xml:81:25-76
150                <action android:name="android.intent.action.MY_PACKAGE_REPLACED" />
150-->src\main\AndroidManifest.xml:82:17-83
150-->src\main\AndroidManifest.xml:82:25-81
151                <action android:name="android.intent.action.QUICKBOOT_POWERON" />
151-->src\main\AndroidManifest.xml:83:17-82
151-->src\main\AndroidManifest.xml:83:25-79
152                <action android:name="com.htc.intent.action.QUICKBOOT_POWERON" />
152-->src\main\AndroidManifest.xml:84:17-81
152-->src\main\AndroidManifest.xml:84:25-79
153            </intent-filter>
154        </receiver>
155
156        <service
156-->src\main\AndroidManifest.xml:87:9-92:19
157            android:name="notification.listener.service.NotificationListener"
157-->src\main\AndroidManifest.xml:87:48-113
158            android:exported="true"
158-->src\main\AndroidManifest.xml:88:86-109
159            android:label="notifications"
159-->src\main\AndroidManifest.xml:87:18-47
160            android:permission="android.permission.BIND_NOTIFICATION_LISTENER_SERVICE" >
160-->src\main\AndroidManifest.xml:88:11-85
161            <intent-filter>
161-->src\main\AndroidManifest.xml:89:13-91:29
162                <action android:name="android.service.notification.NotificationListenerService" />
162-->src\main\AndroidManifest.xml:90:17-99
162-->src\main\AndroidManifest.xml:90:25-96
163            </intent-filter>
164        </service>
165
166        <receiver
166-->src\main\AndroidManifest.xml:93:9-100:20
167            android:name="android.PlusWidgetProvider"
167-->src\main\AndroidManifest.xml:93:19-52
168            android:exported="true"
168-->src\main\AndroidManifest.xml:94:13-36
169            android:label="Transaction Shortcut" >
169-->src\main\AndroidManifest.xml:94:37-73
170            <intent-filter>
170-->src\main\AndroidManifest.xml:95:13-97:29
171                <action android:name="android.appwidget.action.APPWIDGET_UPDATE" />
171-->src\main\AndroidManifest.xml:96:17-84
171-->src\main\AndroidManifest.xml:96:25-81
172            </intent-filter>
173
174            <meta-data
174-->src\main\AndroidManifest.xml:98:13-99:55
175                android:name="android.appwidget.provider"
175-->src\main\AndroidManifest.xml:98:24-65
176                android:resource="@xml/plus_widget" />
176-->src\main\AndroidManifest.xml:99:17-52
177        </receiver>
178        <receiver
178-->src\main\AndroidManifest.xml:101:9-108:20
179            android:name="android.TransferWidgetProvider"
179-->src\main\AndroidManifest.xml:101:19-56
180            android:exported="true"
180-->src\main\AndroidManifest.xml:102:13-36
181            android:label="Transfer Shortcut" >
181-->src\main\AndroidManifest.xml:102:37-70
182            <intent-filter>
182-->src\main\AndroidManifest.xml:95:13-97:29
183                <action android:name="android.appwidget.action.APPWIDGET_UPDATE" />
183-->src\main\AndroidManifest.xml:96:17-84
183-->src\main\AndroidManifest.xml:96:25-81
184            </intent-filter>
185
186            <meta-data
186-->src\main\AndroidManifest.xml:98:13-99:55
187                android:name="android.appwidget.provider"
187-->src\main\AndroidManifest.xml:98:24-65
188                android:resource="@xml/transfer_widget" />
188-->src\main\AndroidManifest.xml:99:17-52
189        </receiver>
190        <receiver
190-->src\main\AndroidManifest.xml:109:9-116:20
191            android:name="android.NetWorthPlusWidgetProvider"
191-->src\main\AndroidManifest.xml:109:19-60
192            android:exported="true"
192-->src\main\AndroidManifest.xml:110:13-36
193            android:label="Net Total Wide" >
193-->src\main\AndroidManifest.xml:110:37-67
194            <intent-filter>
194-->src\main\AndroidManifest.xml:95:13-97:29
195                <action android:name="android.appwidget.action.APPWIDGET_UPDATE" />
195-->src\main\AndroidManifest.xml:96:17-84
195-->src\main\AndroidManifest.xml:96:25-81
196            </intent-filter>
197
198            <meta-data
198-->src\main\AndroidManifest.xml:98:13-99:55
199                android:name="android.appwidget.provider"
199-->src\main\AndroidManifest.xml:98:24-65
200                android:resource="@xml/net_worth_plus_widget" />
200-->src\main\AndroidManifest.xml:99:17-52
201        </receiver>
202        <receiver
202-->src\main\AndroidManifest.xml:117:9-124:20
203            android:name="android.NetWorthWidgetProvider"
203-->src\main\AndroidManifest.xml:117:19-56
204            android:exported="true"
204-->src\main\AndroidManifest.xml:118:13-36
205            android:label="Net Total" >
205-->src\main\AndroidManifest.xml:118:37-62
206            <intent-filter>
206-->src\main\AndroidManifest.xml:95:13-97:29
207                <action android:name="android.appwidget.action.APPWIDGET_UPDATE" />
207-->src\main\AndroidManifest.xml:96:17-84
207-->src\main\AndroidManifest.xml:96:25-81
208            </intent-filter>
209
210            <meta-data
210-->src\main\AndroidManifest.xml:98:13-99:55
211                android:name="android.appwidget.provider"
211-->src\main\AndroidManifest.xml:98:24-65
212                android:resource="@xml/net_worth_widget" />
212-->src\main\AndroidManifest.xml:99:17-52
213        </receiver>
214        <!--
215        <service android:name="im.zoe.labs.flutter_notification_listener.NotificationsHandlerService"
216            android:label="Flutter Notifications Handler"
217            android:permission="android.permission.BIND_NOTIFICATION_LISTENER_SERVICE">
218            <intent-filter>
219                <action android:name="android.service.notification.NotificationListenerService" />
220            </intent-filter>
221        </service>
222        <receiver android:name="im.zoe.labs.flutter_notification_listener.RebootBroadcastReceiver"
223            android:enabled="true">
224            <intent-filter>
225                <action android:name="android.intent.action.BOOT_COMPLETED" />
226                <action android:name="android.intent.action.BOOT_COMPLETED" />
227                <action android:name="android.intent.action.LOCKED_BOOT_COMPLETED" />
228                <action android:name="android.intent.action.QUICKBOOT_POWERON" />
229                <action android:name="android.intent.action.REBOOT"/>
230            </intent-filter>
231        </receiver>
232        -->
233        <!--
234             Don't delete the meta-data below.
235             This is used by the Flutter tool to generate GeneratedPluginRegistrant.java
236        -->
237        <meta-data
237-->src\main\AndroidManifest.xml:144:9-146:33
238            android:name="flutterEmbedding"
238-->src\main\AndroidManifest.xml:145:13-44
239            android:value="2" />
239-->src\main\AndroidManifest.xml:146:13-30
240        <!--
241           Declares a provider which allows us to store files to share in
242           '.../caches/share_plus' and grant the receiving action access
243        -->
244        <provider
244-->[:share_plus] AndroidManifest.xml:13:9-21:20
245            android:name="dev.fluttercommunity.plus.share.ShareFileProvider"
245-->[:share_plus] AndroidManifest.xml:14:13-77
246            android:authorities="com.budget.tracker_app.flutter.share_provider"
246-->[:share_plus] AndroidManifest.xml:15:13-74
247            android:exported="false"
247-->[:share_plus] AndroidManifest.xml:16:13-37
248            android:grantUriPermissions="true" >
248-->[:share_plus] AndroidManifest.xml:17:13-47
249            <meta-data
249-->[:share_plus] AndroidManifest.xml:18:13-20:68
250                android:name="android.support.FILE_PROVIDER_PATHS"
250-->[:share_plus] AndroidManifest.xml:19:17-67
251                android:resource="@xml/flutter_share_file_paths" />
251-->[:share_plus] AndroidManifest.xml:20:17-65
252        </provider>
253        <!--
254           This manifest declared broadcast receiver allows us to use an explicit
255           Intent when creating a PendingItent to be informed of the user's choice
256        -->
257        <receiver
257-->[:share_plus] AndroidManifest.xml:26:9-32:20
258            android:name="dev.fluttercommunity.plus.share.SharePlusPendingIntent"
258-->[:share_plus] AndroidManifest.xml:27:13-82
259            android:exported="false" >
259-->[:share_plus] AndroidManifest.xml:28:13-37
260            <intent-filter>
260-->[:share_plus] AndroidManifest.xml:29:13-31:29
261                <action android:name="EXTRA_CHOSEN_COMPONENT" />
261-->[:share_plus] AndroidManifest.xml:30:17-65
261-->[:share_plus] AndroidManifest.xml:30:25-62
262            </intent-filter>
263        </receiver>
264
265        <service
265-->[:cloud_firestore] AndroidManifest.xml:8:9-12:19
266            android:name="com.google.firebase.components.ComponentDiscoveryService"
266-->[:cloud_firestore] AndroidManifest.xml:8:18-89
267            android:directBootAware="true"
267-->[com.google.firebase:firebase-common:21.0.0] AndroidManifest.xml:32:13-43
268            android:exported="false" >
268-->[com.google.firebase:firebase-auth:23.2.0] AndroidManifest.xml:68:13-37
269            <meta-data
269-->[:cloud_firestore] AndroidManifest.xml:9:13-11:85
270                android:name="com.google.firebase.components:io.flutter.plugins.firebase.firestore.FlutterFirebaseFirestoreRegistrar"
270-->[:cloud_firestore] AndroidManifest.xml:10:17-134
271                android:value="com.google.firebase.components.ComponentRegistrar" />
271-->[:cloud_firestore] AndroidManifest.xml:11:17-82
272            <meta-data
272-->[:firebase_auth] AndroidManifest.xml:9:13-11:85
273                android:name="com.google.firebase.components:io.flutter.plugins.firebase.auth.FlutterFirebaseAuthRegistrar"
273-->[:firebase_auth] AndroidManifest.xml:10:17-124
274                android:value="com.google.firebase.components.ComponentRegistrar" />
274-->[:firebase_auth] AndroidManifest.xml:11:17-82
275            <meta-data
275-->[:firebase_core] AndroidManifest.xml:9:13-11:85
276                android:name="com.google.firebase.components:io.flutter.plugins.firebase.core.FlutterFirebaseCoreRegistrar"
276-->[:firebase_core] AndroidManifest.xml:10:17-124
277                android:value="com.google.firebase.components.ComponentRegistrar" />
277-->[:firebase_core] AndroidManifest.xml:11:17-82
278            <meta-data
278-->[com.google.firebase:firebase-auth:23.2.0] AndroidManifest.xml:69:13-71:85
279                android:name="com.google.firebase.components:com.google.firebase.auth.FirebaseAuthRegistrar"
279-->[com.google.firebase:firebase-auth:23.2.0] AndroidManifest.xml:70:17-109
280                android:value="com.google.firebase.components.ComponentRegistrar" />
280-->[com.google.firebase:firebase-auth:23.2.0] AndroidManifest.xml:71:17-82
281            <meta-data
281-->[com.google.firebase:firebase-firestore:25.1.3] AndroidManifest.xml:17:13-19:85
282                android:name="com.google.firebase.components:com.google.firebase.firestore.FirebaseFirestoreKtxRegistrar"
282-->[com.google.firebase:firebase-firestore:25.1.3] AndroidManifest.xml:18:17-122
283                android:value="com.google.firebase.components.ComponentRegistrar" />
283-->[com.google.firebase:firebase-firestore:25.1.3] AndroidManifest.xml:19:17-82
284            <meta-data
284-->[com.google.firebase:firebase-firestore:25.1.3] AndroidManifest.xml:20:13-22:85
285                android:name="com.google.firebase.components:com.google.firebase.firestore.FirestoreRegistrar"
285-->[com.google.firebase:firebase-firestore:25.1.3] AndroidManifest.xml:21:17-111
286                android:value="com.google.firebase.components.ComponentRegistrar" />
286-->[com.google.firebase:firebase-firestore:25.1.3] AndroidManifest.xml:22:17-82
287            <meta-data
287-->[com.google.firebase:firebase-common-ktx:21.0.0] AndroidManifest.xml:12:13-14:85
288                android:name="com.google.firebase.components:com.google.firebase.ktx.FirebaseCommonLegacyRegistrar"
288-->[com.google.firebase:firebase-common-ktx:21.0.0] AndroidManifest.xml:13:17-116
289                android:value="com.google.firebase.components.ComponentRegistrar" />
289-->[com.google.firebase:firebase-common-ktx:21.0.0] AndroidManifest.xml:14:17-82
290            <meta-data
290-->[com.google.firebase:firebase-common:21.0.0] AndroidManifest.xml:35:13-37:85
291                android:name="com.google.firebase.components:com.google.firebase.FirebaseCommonKtxRegistrar"
291-->[com.google.firebase:firebase-common:21.0.0] AndroidManifest.xml:36:17-109
292                android:value="com.google.firebase.components.ComponentRegistrar" />
292-->[com.google.firebase:firebase-common:21.0.0] AndroidManifest.xml:37:17-82
293        </service>
294
295        <activity
295-->[com.google.firebase:firebase-auth:23.2.0] AndroidManifest.xml:29:9-46:20
296            android:name="com.google.firebase.auth.internal.GenericIdpActivity"
296-->[com.google.firebase:firebase-auth:23.2.0] AndroidManifest.xml:30:13-80
297            android:excludeFromRecents="true"
297-->[com.google.firebase:firebase-auth:23.2.0] AndroidManifest.xml:31:13-46
298            android:exported="true"
298-->[com.google.firebase:firebase-auth:23.2.0] AndroidManifest.xml:32:13-36
299            android:launchMode="singleTask"
299-->[com.google.firebase:firebase-auth:23.2.0] AndroidManifest.xml:33:13-44
300            android:theme="@android:style/Theme.Translucent.NoTitleBar" >
300-->[com.google.firebase:firebase-auth:23.2.0] AndroidManifest.xml:34:13-72
301            <intent-filter>
301-->[com.google.firebase:firebase-auth:23.2.0] AndroidManifest.xml:35:13-45:29
302                <action android:name="android.intent.action.VIEW" />
302-->src\main\AndroidManifest.xml:12:7-59
302-->src\main\AndroidManifest.xml:12:15-56
303
304                <category android:name="android.intent.category.DEFAULT" />
304-->src\main\AndroidManifest.xml:50:17-76
304-->src\main\AndroidManifest.xml:50:27-73
305                <category android:name="android.intent.category.BROWSABLE" />
305-->src\main\AndroidManifest.xml:51:17-78
305-->src\main\AndroidManifest.xml:51:27-75
306
307                <data
307-->src\main\AndroidManifest.xml:13:7-38
308                    android:host="firebase.auth"
309                    android:path="/"
310                    android:scheme="genericidp" />
310-->src\main\AndroidManifest.xml:13:13-35
311            </intent-filter>
312        </activity>
313        <activity
313-->[com.google.firebase:firebase-auth:23.2.0] AndroidManifest.xml:47:9-64:20
314            android:name="com.google.firebase.auth.internal.RecaptchaActivity"
314-->[com.google.firebase:firebase-auth:23.2.0] AndroidManifest.xml:48:13-79
315            android:excludeFromRecents="true"
315-->[com.google.firebase:firebase-auth:23.2.0] AndroidManifest.xml:49:13-46
316            android:exported="true"
316-->[com.google.firebase:firebase-auth:23.2.0] AndroidManifest.xml:50:13-36
317            android:launchMode="singleTask"
317-->[com.google.firebase:firebase-auth:23.2.0] AndroidManifest.xml:51:13-44
318            android:theme="@android:style/Theme.Translucent.NoTitleBar" >
318-->[com.google.firebase:firebase-auth:23.2.0] AndroidManifest.xml:52:13-72
319            <intent-filter>
319-->[com.google.firebase:firebase-auth:23.2.0] AndroidManifest.xml:53:13-63:29
320                <action android:name="android.intent.action.VIEW" />
320-->src\main\AndroidManifest.xml:12:7-59
320-->src\main\AndroidManifest.xml:12:15-56
321
322                <category android:name="android.intent.category.DEFAULT" />
322-->src\main\AndroidManifest.xml:50:17-76
322-->src\main\AndroidManifest.xml:50:27-73
323                <category android:name="android.intent.category.BROWSABLE" />
323-->src\main\AndroidManifest.xml:51:17-78
323-->src\main\AndroidManifest.xml:51:27-75
324
325                <data
325-->src\main\AndroidManifest.xml:13:7-38
326                    android:host="firebase.auth"
327                    android:path="/"
328                    android:scheme="recaptcha" />
328-->src\main\AndroidManifest.xml:13:13-35
329            </intent-filter>
330        </activity>
331
332        <provider
332-->[:image_picker_android] AndroidManifest.xml:9:9-17:20
333            android:name="io.flutter.plugins.imagepicker.ImagePickerFileProvider"
333-->[:image_picker_android] AndroidManifest.xml:10:13-82
334            android:authorities="com.budget.tracker_app.flutter.image_provider"
334-->[:image_picker_android] AndroidManifest.xml:11:13-74
335            android:exported="false"
335-->[:image_picker_android] AndroidManifest.xml:12:13-37
336            android:grantUriPermissions="true" >
336-->[:image_picker_android] AndroidManifest.xml:13:13-47
337            <meta-data
337-->[:share_plus] AndroidManifest.xml:18:13-20:68
338                android:name="android.support.FILE_PROVIDER_PATHS"
338-->[:share_plus] AndroidManifest.xml:19:17-67
339                android:resource="@xml/flutter_image_picker_file_paths" />
339-->[:share_plus] AndroidManifest.xml:20:17-65
340        </provider> <!-- Trigger Google Play services to install the backported photo picker module. -->
341        <service
341-->[:image_picker_android] AndroidManifest.xml:19:9-31:19
342            android:name="com.google.android.gms.metadata.ModuleDependencies"
342-->[:image_picker_android] AndroidManifest.xml:20:13-78
343            android:enabled="false"
343-->[:image_picker_android] AndroidManifest.xml:21:13-36
344            android:exported="false" >
344-->[:image_picker_android] AndroidManifest.xml:22:13-37
345            <intent-filter>